{"/Users/onurpolat/Desktop/web-developpement/week-3/day-2/vinted-API/app.js": {"path":"/Users/onurpolat/Desktop/web-developpement/week-3/day-2/vinted-API/app.js","statementMap":{"0":{"start":{"line":1,"column":16},"end":{"line":1,"column":34}},"1":{"start":{"line":2,"column":29},"end":{"line":2,"column":58}},"2":{"start":{"line":3,"column":15},"end":{"line":3,"column":42}},"3":{"start":{"line":4,"column":18},"end":{"line":4,"column":49}},"4":{"start":{"line":5,"column":13},"end":{"line":5,"column":28}},"5":{"start":{"line":6,"column":13},"end":{"line":6,"column":28}},"6":{"start":{"line":7,"column":0},"end":{"line":7,"column":27}},"7":{"start":{"line":9,"column":12},"end":{"line":9,"column":21}},"8":{"start":{"line":10,"column":0},"end":{"line":10,"column":32}},"9":{"start":{"line":11,"column":0},"end":{"line":11,"column":16}},"10":{"start":{"line":13,"column":19},"end":{"line":13,"column":43}},"11":{"start":{"line":14,"column":0},"end":{"line":14,"column":20}},"12":{"start":{"line":15,"column":20},"end":{"line":15,"column":45}},"13":{"start":{"line":16,"column":0},"end":{"line":16,"column":21}},"14":{"start":{"line":17,"column":22},"end":{"line":17,"column":49}},"15":{"start":{"line":18,"column":0},"end":{"line":18,"column":23}},"16":{"start":{"line":20,"column":0},"end":{"line":24,"column":3}},"17":{"start":{"line":21,"column":2},"end":{"line":23,"column":5}},"18":{"start":{"line":26,"column":0},"end":{"line":26,"column":21}}},"fnMap":{"0":{"name":"(anonymous_0)","decl":{"start":{"line":20,"column":13},"end":{"line":20,"column":14}},"loc":{"start":{"line":20,"column":27},"end":{"line":24,"column":1}},"line":20}},"branchMap":{},"s":{"0":3,"1":3,"2":3,"3":3,"4":3,"5":3,"6":3,"7":3,"8":3,"9":3,"10":3,"11":3,"12":3,"13":3,"14":3,"15":3,"16":3,"17":0,"18":3},"f":{"0":0},"b":{},"_coverageSchema":"1a1c01bbd47fc00a2c39e90264f33305004495a9","hash":"77aeb3936523502c72a312d9f0a2b00c166c3a37"}
,"/Users/onurpolat/Desktop/web-developpement/week-3/day-2/vinted-API/defaultValues.js": {"path":"/Users/onurpolat/Desktop/web-developpement/week-3/day-2/vinted-API/defaultValues.js","statementMap":{"0":{"start":{"line":1,"column":21},"end":{"line":22,"column":1}},"1":{"start":{"line":24,"column":0},"end":{"line":24,"column":34}}},"fnMap":{},"branchMap":{},"s":{"0":3,"1":3},"f":{},"b":{},"_coverageSchema":"1a1c01bbd47fc00a2c39e90264f33305004495a9","hash":"40f18874dea80f33c391ce0328854b36815f8b91"}
,"/Users/onurpolat/Desktop/web-developpement/week-3/day-2/vinted-API/utils.js": {"path":"/Users/onurpolat/Desktop/web-developpement/week-3/day-2/vinted-API/utils.js","statementMap":{"0":{"start":{"line":1,"column":19},"end":{"line":1,"column":43}},"1":{"start":{"line":2,"column":15},"end":{"line":2,"column":57}},"2":{"start":{"line":5,"column":20},"end":{"line":12,"column":1}},"3":{"start":{"line":6,"column":2},"end":{"line":11,"column":3}},"4":{"start":{"line":7,"column":18},"end":{"line":7,"column":65}},"5":{"start":{"line":8,"column":4},"end":{"line":8,"column":17}},"6":{"start":{"line":10,"column":4},"end":{"line":10,"column":17}},"7":{"start":{"line":14,"column":20},"end":{"line":21,"column":1}},"8":{"start":{"line":15,"column":2},"end":{"line":20,"column":3}},"9":{"start":{"line":16,"column":4},"end":{"line":16,"column":48}},"10":{"start":{"line":17,"column":4},"end":{"line":17,"column":11}},"11":{"start":{"line":19,"column":4},"end":{"line":19,"column":17}},"12":{"start":{"line":24,"column":16},"end":{"line":35,"column":1}},"13":{"start":{"line":25,"column":2},"end":{"line":34,"column":3}},"14":{"start":{"line":26,"column":26},"end":{"line":30,"column":6}},"15":{"start":{"line":31,"column":4},"end":{"line":31,"column":25}},"16":{"start":{"line":33,"column":4},"end":{"line":33,"column":17}},"17":{"start":{"line":37,"column":0},"end":{"line":37,"column":55}}},"fnMap":{"0":{"name":"(anonymous_0)","decl":{"start":{"line":5,"column":20},"end":{"line":5,"column":21}},"loc":{"start":{"line":5,"column":45},"end":{"line":12,"column":1}},"line":5},"1":{"name":"(anonymous_1)","decl":{"start":{"line":14,"column":20},"end":{"line":14,"column":21}},"loc":{"start":{"line":14,"column":40},"end":{"line":21,"column":1}},"line":14},"2":{"name":"(anonymous_2)","decl":{"start":{"line":24,"column":16},"end":{"line":24,"column":17}},"loc":{"start":{"line":24,"column":41},"end":{"line":35,"column":1}},"line":24}},"branchMap":{},"s":{"0":3,"1":3,"2":3,"3":0,"4":0,"5":0,"6":0,"7":3,"8":0,"9":0,"10":0,"11":0,"12":3,"13":1,"14":1,"15":1,"16":0,"17":3},"f":{"0":0,"1":0,"2":1},"b":{},"_coverageSchema":"1a1c01bbd47fc00a2c39e90264f33305004495a9","hash":"eeea2d6500e1ee7a4cb03c3057c6c56c313dfc9d"}
,"/Users/onurpolat/Desktop/web-developpement/week-3/day-2/vinted-API/middleware/isAuthenticated.js": {"path":"/Users/onurpolat/Desktop/web-developpement/week-3/day-2/vinted-API/middleware/isAuthenticated.js","statementMap":{"0":{"start":{"line":1,"column":13},"end":{"line":1,"column":38}},"1":{"start":{"line":3,"column":24},"end":{"line":21,"column":1}},"2":{"start":{"line":4,"column":2},"end":{"line":4,"column":41}},"3":{"start":{"line":5,"column":2},"end":{"line":20,"column":3}},"4":{"start":{"line":6,"column":18},"end":{"line":6,"column":66}},"5":{"start":{"line":7,"column":17},"end":{"line":7,"column":53}},"6":{"start":{"line":8,"column":4},"end":{"line":15,"column":5}},"7":{"start":{"line":9,"column":6},"end":{"line":9,"column":22}},"8":{"start":{"line":10,"column":6},"end":{"line":10,"column":20}},"9":{"start":{"line":12,"column":6},"end":{"line":14,"column":9}},"10":{"start":{"line":17,"column":4},"end":{"line":19,"column":7}},"11":{"start":{"line":23,"column":0},"end":{"line":23,"column":33}}},"fnMap":{"0":{"name":"(anonymous_0)","decl":{"start":{"line":3,"column":24},"end":{"line":3,"column":25}},"loc":{"start":{"line":3,"column":50},"end":{"line":21,"column":1}},"line":3}},"branchMap":{"0":{"loc":{"start":{"line":5,"column":2},"end":{"line":20,"column":3}},"type":"if","locations":[{"start":{"line":5,"column":2},"end":{"line":20,"column":3}},{"start":{"line":16,"column":9},"end":{"line":20,"column":3}}],"line":5},"1":{"loc":{"start":{"line":8,"column":4},"end":{"line":15,"column":5}},"type":"if","locations":[{"start":{"line":8,"column":4},"end":{"line":15,"column":5}},{"start":{"line":11,"column":11},"end":{"line":15,"column":5}}],"line":8}},"s":{"0":3,"1":3,"2":3,"3":3,"4":3,"5":3,"6":3,"7":3,"8":3,"9":0,"10":0,"11":3},"f":{"0":3},"b":{"0":[3,0],"1":[3,0]},"_coverageSchema":"1a1c01bbd47fc00a2c39e90264f33305004495a9","hash":"ac5b4b67a49af0d2c0d4b93affffab66db0f5f7e"}
,"/Users/onurpolat/Desktop/web-developpement/week-3/day-2/vinted-API/models/Offer.js": {"path":"/Users/onurpolat/Desktop/web-developpement/week-3/day-2/vinted-API/models/Offer.js","statementMap":{"0":{"start":{"line":1,"column":17},"end":{"line":1,"column":36}},"1":{"start":{"line":2,"column":13},"end":{"line":2,"column":30}},"2":{"start":{"line":4,"column":14},"end":{"line":14,"column":2}},"3":{"start":{"line":16,"column":0},"end":{"line":16,"column":23}}},"fnMap":{},"branchMap":{},"s":{"0":3,"1":3,"2":3,"3":3},"f":{},"b":{},"_coverageSchema":"1a1c01bbd47fc00a2c39e90264f33305004495a9","hash":"d80b1b42be0dbc54957707ec3e3691a1749f33e7"}
,"/Users/onurpolat/Desktop/web-developpement/week-3/day-2/vinted-API/models/User.js": {"path":"/Users/onurpolat/Desktop/web-developpement/week-3/day-2/vinted-API/models/User.js","statementMap":{"0":{"start":{"line":1,"column":17},"end":{"line":1,"column":36}},"1":{"start":{"line":3,"column":13},"end":{"line":16,"column":2}},"2":{"start":{"line":18,"column":0},"end":{"line":18,"column":22}}},"fnMap":{},"branchMap":{},"s":{"0":3,"1":3,"2":3},"f":{},"b":{},"_coverageSchema":"1a1c01bbd47fc00a2c39e90264f33305004495a9","hash":"bb4344c1c2f31dda8cf94ea77d7a4de03c34e789"}
,"/Users/onurpolat/Desktop/web-developpement/week-3/day-2/vinted-API/routes/offer.js": {"path":"/Users/onurpolat/Desktop/web-developpement/week-3/day-2/vinted-API/routes/offer.js","statementMap":{"0":{"start":{"line":1,"column":16},"end":{"line":1,"column":34}},"1":{"start":{"line":2,"column":15},"end":{"line":2,"column":31}},"2":{"start":{"line":3,"column":19},"end":{"line":3,"column":43}},"3":{"start":{"line":4,"column":14},"end":{"line":4,"column":33}},"4":{"start":{"line":5,"column":25},"end":{"line":5,"column":52}},"5":{"start":{"line":7,"column":0},"end":{"line":11,"column":3}},"6":{"start":{"line":13,"column":13},"end":{"line":13,"column":38}},"7":{"start":{"line":14,"column":14},"end":{"line":14,"column":40}},"8":{"start":{"line":15,"column":24},"end":{"line":15,"column":64}},"9":{"start":{"line":17,"column":0},"end":{"line":115,"column":3}},"10":{"start":{"line":18,"column":2},"end":{"line":114,"column":3}},"11":{"start":{"line":19,"column":15},"end":{"line":19,"column":16}},"12":{"start":{"line":20,"column":23},"end":{"line":20,"column":46}},"13":{"start":{"line":21,"column":4},"end":{"line":21,"column":46}},"14":{"start":{"line":22,"column":16},"end":{"line":22,"column":18}},"15":{"start":{"line":23,"column":15},"end":{"line":23,"column":17}},"16":{"start":{"line":24,"column":17},"end":{"line":24,"column":53}},"17":{"start":{"line":26,"column":4},"end":{"line":30,"column":5}},"18":{"start":{"line":27,"column":6},"end":{"line":29,"column":7}},"19":{"start":{"line":28,"column":8},"end":{"line":28,"column":59}},"20":{"start":{"line":31,"column":4},"end":{"line":109,"column":5}},"21":{"start":{"line":35,"column":6},"end":{"line":37,"column":9}},"22":{"start":{"line":39,"column":6},"end":{"line":41,"column":7}},"23":{"start":{"line":40,"column":8},"end":{"line":40,"column":62}},"24":{"start":{"line":42,"column":6},"end":{"line":51,"column":7}},"25":{"start":{"line":43,"column":8},"end":{"line":50,"column":9}},"26":{"start":{"line":44,"column":10},"end":{"line":44,"column":35}},"27":{"start":{"line":45,"column":10},"end":{"line":45,"column":56}},"28":{"start":{"line":47,"column":10},"end":{"line":49,"column":13}},"29":{"start":{"line":52,"column":6},"end":{"line":65,"column":7}},"30":{"start":{"line":53,"column":8},"end":{"line":64,"column":9}},"31":{"start":{"line":54,"column":10},"end":{"line":59,"column":11}},"32":{"start":{"line":55,"column":12},"end":{"line":55,"column":58}},"33":{"start":{"line":57,"column":12},"end":{"line":57,"column":37}},"34":{"start":{"line":58,"column":12},"end":{"line":58,"column":58}},"35":{"start":{"line":61,"column":10},"end":{"line":63,"column":13}},"36":{"start":{"line":67,"column":6},"end":{"line":108,"column":7}},"37":{"start":{"line":68,"column":8},"end":{"line":76,"column":9}},"38":{"start":{"line":69,"column":10},"end":{"line":69,"column":34}},"39":{"start":{"line":70,"column":15},"end":{"line":76,"column":9}},"40":{"start":{"line":71,"column":10},"end":{"line":71,"column":33}},"41":{"start":{"line":73,"column":10},"end":{"line":75,"column":13}},"42":{"start":{"line":77,"column":8},"end":{"line":84,"column":13}},"43":{"start":{"line":85,"column":25},"end":{"line":85,"column":48}},"44":{"start":{"line":86,"column":20},"end":{"line":86,"column":37}},"45":{"start":{"line":88,"column":8},"end":{"line":91,"column":11}},"46":{"start":{"line":93,"column":8},"end":{"line":99,"column":13}},"47":{"start":{"line":100,"column":25},"end":{"line":100,"column":48}},"48":{"start":{"line":101,"column":20},"end":{"line":101,"column":37}},"49":{"start":{"line":103,"column":8},"end":{"line":106,"column":11}},"50":{"start":{"line":107,"column":8},"end":{"line":107,"column":28}},"51":{"start":{"line":111,"column":4},"end":{"line":113,"column":7}},"52":{"start":{"line":116,"column":0},"end":{"line":132,"column":3}},"53":{"start":{"line":117,"column":2},"end":{"line":131,"column":3}},"54":{"start":{"line":118,"column":18},"end":{"line":121,"column":6}},"55":{"start":{"line":122,"column":4},"end":{"line":128,"column":5}},"56":{"start":{"line":123,"column":6},"end":{"line":123,"column":34}},"57":{"start":{"line":125,"column":6},"end":{"line":127,"column":9}},"58":{"start":{"line":130,"column":4},"end":{"line":130,"column":53}},"59":{"start":{"line":133,"column":0},"end":{"line":201,"column":3}},"60":{"start":{"line":134,"column":2},"end":{"line":200,"column":3}},"61":{"start":{"line":135,"column":17},"end":{"line":135,"column":40}},"62":{"start":{"line":136,"column":20},"end":{"line":152,"column":5}},"63":{"start":{"line":154,"column":18},"end":{"line":160,"column":6}},"64":{"start":{"line":162,"column":4},"end":{"line":176,"column":5}},"65":{"start":{"line":163,"column":30},"end":{"line":163,"column":52}},"66":{"start":{"line":164,"column":6},"end":{"line":164,"column":46}},"67":{"start":{"line":165,"column":22},"end":{"line":167,"column":7}},"68":{"start":{"line":175,"column":6},"end":{"line":175,"column":41}},"69":{"start":{"line":178,"column":4},"end":{"line":178,"column":23}},"70":{"start":{"line":180,"column":15},"end":{"line":182,"column":5}},"71":{"start":{"line":183,"column":4},"end":{"line":195,"column":7}},"72":{"start":{"line":197,"column":4},"end":{"line":199,"column":7}},"73":{"start":{"line":203,"column":0},"end":{"line":216,"column":3}},"74":{"start":{"line":204,"column":15},"end":{"line":204,"column":37}},"75":{"start":{"line":205,"column":18},"end":{"line":205,"column":48}},"76":{"start":{"line":206,"column":2},"end":{"line":215,"column":3}},"77":{"start":{"line":207,"column":18},"end":{"line":207,"column":56}},"78":{"start":{"line":208,"column":4},"end":{"line":210,"column":7}},"79":{"start":{"line":212,"column":4},"end":{"line":214,"column":7}},"80":{"start":{"line":218,"column":0},"end":{"line":272,"column":3}},"81":{"start":{"line":219,"column":2},"end":{"line":271,"column":3}},"82":{"start":{"line":220,"column":20},"end":{"line":220,"column":55}},"83":{"start":{"line":221,"column":4},"end":{"line":266,"column":5}},"84":{"start":{"line":222,"column":6},"end":{"line":224,"column":7}},"85":{"start":{"line":223,"column":8},"end":{"line":223,"column":49}},"86":{"start":{"line":225,"column":6},"end":{"line":227,"column":7}},"87":{"start":{"line":226,"column":8},"end":{"line":226,"column":48}},"88":{"start":{"line":228,"column":6},"end":{"line":230,"column":7}},"89":{"start":{"line":229,"column":8},"end":{"line":229,"column":61}},"90":{"start":{"line":231,"column":6},"end":{"line":233,"column":7}},"91":{"start":{"line":232,"column":8},"end":{"line":232,"column":63}},"92":{"start":{"line":234,"column":6},"end":{"line":236,"column":7}},"93":{"start":{"line":235,"column":8},"end":{"line":235,"column":65}},"94":{"start":{"line":237,"column":6},"end":{"line":240,"column":7}},"95":{"start":{"line":238,"column":8},"end":{"line":238,"column":61}},"96":{"start":{"line":239,"column":8},"end":{"line":239,"column":55}},"97":{"start":{"line":241,"column":6},"end":{"line":243,"column":7}},"98":{"start":{"line":242,"column":8},"end":{"line":242,"column":60}},"99":{"start":{"line":244,"column":6},"end":{"line":246,"column":7}},"100":{"start":{"line":245,"column":8},"end":{"line":245,"column":62}},"101":{"start":{"line":247,"column":6},"end":{"line":257,"column":7}},"102":{"start":{"line":249,"column":32},"end":{"line":249,"column":63}},"103":{"start":{"line":250,"column":8},"end":{"line":250,"column":59}},"104":{"start":{"line":252,"column":32},"end":{"line":252,"column":54}},"105":{"start":{"line":253,"column":22},"end":{"line":255,"column":10}},"106":{"start":{"line":256,"column":8},"end":{"line":256,"column":38}},"107":{"start":{"line":258,"column":6},"end":{"line":261,"column":9}},"108":{"start":{"line":263,"column":6},"end":{"line":265,"column":9}},"109":{"start":{"line":268,"column":4},"end":{"line":270,"column":7}},"110":{"start":{"line":274,"column":0},"end":{"line":307,"column":3}},"111":{"start":{"line":275,"column":2},"end":{"line":306,"column":3}},"112":{"start":{"line":276,"column":20},"end":{"line":276,"column":55}},"113":{"start":{"line":277,"column":4},"end":{"line":300,"column":5}},"114":{"start":{"line":278,"column":6},"end":{"line":278,"column":34}},"115":{"start":{"line":279,"column":17},"end":{"line":279,"column":27}},"116":{"start":{"line":281,"column":24},"end":{"line":281,"column":55}},"117":{"start":{"line":284,"column":6},"end":{"line":290,"column":7}},"118":{"start":{"line":286,"column":8},"end":{"line":286,"column":73}},"119":{"start":{"line":289,"column":8},"end":{"line":289,"column":67}},"120":{"start":{"line":292,"column":6},"end":{"line":292,"column":40}},"121":{"start":{"line":293,"column":6},"end":{"line":295,"column":9}},"122":{"start":{"line":297,"column":6},"end":{"line":299,"column":9}},"123":{"start":{"line":302,"column":4},"end":{"line":302,"column":23}},"124":{"start":{"line":303,"column":4},"end":{"line":305,"column":7}},"125":{"start":{"line":309,"column":0},"end":{"line":309,"column":24}}},"fnMap":{"0":{"name":"(anonymous_0)","decl":{"start":{"line":17,"column":22},"end":{"line":17,"column":23}},"loc":{"start":{"line":17,"column":42},"end":{"line":115,"column":1}},"line":17},"1":{"name":"(anonymous_1)","decl":{"start":{"line":116,"column":25},"end":{"line":116,"column":26}},"loc":{"start":{"line":116,"column":45},"end":{"line":132,"column":1}},"line":116},"2":{"name":"(anonymous_2)","decl":{"start":{"line":133,"column":47},"end":{"line":133,"column":48}},"loc":{"start":{"line":133,"column":67},"end":{"line":201,"column":1}},"line":133},"3":{"name":"(anonymous_3)","decl":{"start":{"line":203,"column":30},"end":{"line":203,"column":31}},"loc":{"start":{"line":203,"column":50},"end":{"line":216,"column":1}},"line":203},"4":{"name":"(anonymous_4)","decl":{"start":{"line":218,"column":49},"end":{"line":218,"column":50}},"loc":{"start":{"line":218,"column":69},"end":{"line":272,"column":1}},"line":218},"5":{"name":"(anonymous_5)","decl":{"start":{"line":274,"column":52},"end":{"line":274,"column":53}},"loc":{"start":{"line":274,"column":72},"end":{"line":307,"column":1}},"line":274}},"branchMap":{"0":{"loc":{"start":{"line":26,"column":4},"end":{"line":30,"column":5}},"type":"if","locations":[{"start":{"line":26,"column":4},"end":{"line":30,"column":5}},{"start":{},"end":{}}],"line":26},"1":{"loc":{"start":{"line":27,"column":6},"end":{"line":29,"column":7}},"type":"if","locations":[{"start":{"line":27,"column":6},"end":{"line":29,"column":7}},{"start":{},"end":{}}],"line":27},"2":{"loc":{"start":{"line":27,"column":10},"end":{"line":27,"column":62}},"type":"binary-expr","locations":[{"start":{"line":27,"column":10},"end":{"line":27,"column":32}},{"start":{"line":27,"column":36},"end":{"line":27,"column":62}}],"line":27},"3":{"loc":{"start":{"line":31,"column":4},"end":{"line":109,"column":5}},"type":"if","locations":[{"start":{"line":31,"column":4},"end":{"line":109,"column":5}},{"start":{"line":38,"column":11},"end":{"line":109,"column":5}}],"line":31},"4":{"loc":{"start":{"line":32,"column":6},"end":{"line":33,"column":60}},"type":"binary-expr","locations":[{"start":{"line":32,"column":6},"end":{"line":32,"column":20}},{"start":{"line":33,"column":7},"end":{"line":33,"column":28}},{"start":{"line":33,"column":32},"end":{"line":33,"column":59}}],"line":32},"5":{"loc":{"start":{"line":39,"column":6},"end":{"line":41,"column":7}},"type":"if","locations":[{"start":{"line":39,"column":6},"end":{"line":41,"column":7}},{"start":{},"end":{}}],"line":39},"6":{"loc":{"start":{"line":42,"column":6},"end":{"line":51,"column":7}},"type":"if","locations":[{"start":{"line":42,"column":6},"end":{"line":51,"column":7}},{"start":{},"end":{}}],"line":42},"7":{"loc":{"start":{"line":43,"column":8},"end":{"line":50,"column":9}},"type":"if","locations":[{"start":{"line":43,"column":8},"end":{"line":50,"column":9}},{"start":{"line":46,"column":15},"end":{"line":50,"column":9}}],"line":43},"8":{"loc":{"start":{"line":52,"column":6},"end":{"line":65,"column":7}},"type":"if","locations":[{"start":{"line":52,"column":6},"end":{"line":65,"column":7}},{"start":{},"end":{}}],"line":52},"9":{"loc":{"start":{"line":53,"column":8},"end":{"line":64,"column":9}},"type":"if","locations":[{"start":{"line":53,"column":8},"end":{"line":64,"column":9}},{"start":{"line":60,"column":15},"end":{"line":64,"column":9}}],"line":53},"10":{"loc":{"start":{"line":54,"column":10},"end":{"line":59,"column":11}},"type":"if","locations":[{"start":{"line":54,"column":10},"end":{"line":59,"column":11}},{"start":{"line":56,"column":17},"end":{"line":59,"column":11}}],"line":54},"11":{"loc":{"start":{"line":67,"column":6},"end":{"line":108,"column":7}},"type":"if","locations":[{"start":{"line":67,"column":6},"end":{"line":108,"column":7}},{"start":{"line":92,"column":13},"end":{"line":108,"column":7}}],"line":67},"12":{"loc":{"start":{"line":68,"column":8},"end":{"line":76,"column":9}},"type":"if","locations":[{"start":{"line":68,"column":8},"end":{"line":76,"column":9}},{"start":{"line":70,"column":15},"end":{"line":76,"column":9}}],"line":68},"13":{"loc":{"start":{"line":70,"column":15},"end":{"line":76,"column":9}},"type":"if","locations":[{"start":{"line":70,"column":15},"end":{"line":76,"column":9}},{"start":{"line":72,"column":15},"end":{"line":76,"column":9}}],"line":70},"14":{"loc":{"start":{"line":122,"column":4},"end":{"line":128,"column":5}},"type":"if","locations":[{"start":{"line":122,"column":4},"end":{"line":128,"column":5}},{"start":{"line":124,"column":11},"end":{"line":128,"column":5}}],"line":122},"15":{"loc":{"start":{"line":162,"column":4},"end":{"line":176,"column":5}},"type":"if","locations":[{"start":{"line":162,"column":4},"end":{"line":176,"column":5}},{"start":{"line":174,"column":11},"end":{"line":176,"column":5}}],"line":162},"16":{"loc":{"start":{"line":221,"column":4},"end":{"line":266,"column":5}},"type":"if","locations":[{"start":{"line":221,"column":4},"end":{"line":266,"column":5}},{"start":{"line":262,"column":11},"end":{"line":266,"column":5}}],"line":221},"17":{"loc":{"start":{"line":222,"column":6},"end":{"line":224,"column":7}},"type":"if","locations":[{"start":{"line":222,"column":6},"end":{"line":224,"column":7}},{"start":{},"end":{}}],"line":222},"18":{"loc":{"start":{"line":225,"column":6},"end":{"line":227,"column":7}},"type":"if","locations":[{"start":{"line":225,"column":6},"end":{"line":227,"column":7}},{"start":{},"end":{}}],"line":225},"19":{"loc":{"start":{"line":228,"column":6},"end":{"line":230,"column":7}},"type":"if","locations":[{"start":{"line":228,"column":6},"end":{"line":230,"column":7}},{"start":{},"end":{}}],"line":228},"20":{"loc":{"start":{"line":231,"column":6},"end":{"line":233,"column":7}},"type":"if","locations":[{"start":{"line":231,"column":6},"end":{"line":233,"column":7}},{"start":{},"end":{}}],"line":231},"21":{"loc":{"start":{"line":234,"column":6},"end":{"line":236,"column":7}},"type":"if","locations":[{"start":{"line":234,"column":6},"end":{"line":236,"column":7}},{"start":{},"end":{}}],"line":234},"22":{"loc":{"start":{"line":237,"column":6},"end":{"line":240,"column":7}},"type":"if","locations":[{"start":{"line":237,"column":6},"end":{"line":240,"column":7}},{"start":{},"end":{}}],"line":237},"23":{"loc":{"start":{"line":241,"column":6},"end":{"line":243,"column":7}},"type":"if","locations":[{"start":{"line":241,"column":6},"end":{"line":243,"column":7}},{"start":{},"end":{}}],"line":241},"24":{"loc":{"start":{"line":244,"column":6},"end":{"line":246,"column":7}},"type":"if","locations":[{"start":{"line":244,"column":6},"end":{"line":246,"column":7}},{"start":{},"end":{}}],"line":244},"25":{"loc":{"start":{"line":247,"column":6},"end":{"line":257,"column":7}},"type":"if","locations":[{"start":{"line":247,"column":6},"end":{"line":257,"column":7}},{"start":{},"end":{}}],"line":247},"26":{"loc":{"start":{"line":277,"column":4},"end":{"line":300,"column":5}},"type":"if","locations":[{"start":{"line":277,"column":4},"end":{"line":300,"column":5}},{"start":{"line":296,"column":11},"end":{"line":300,"column":5}}],"line":277},"27":{"loc":{"start":{"line":284,"column":6},"end":{"line":290,"column":7}},"type":"if","locations":[{"start":{"line":284,"column":6},"end":{"line":290,"column":7}},{"start":{},"end":{}}],"line":284}},"s":{"0":3,"1":3,"2":3,"3":3,"4":3,"5":3,"6":3,"7":3,"8":3,"9":3,"10":1,"11":1,"12":1,"13":1,"14":1,"15":1,"16":1,"17":1,"18":0,"19":0,"20":1,"21":0,"22":1,"23":0,"24":1,"25":0,"26":0,"27":0,"28":0,"29":1,"30":0,"31":0,"32":0,"33":0,"34":0,"35":0,"36":1,"37":0,"38":0,"39":0,"40":0,"41":0,"42":0,"43":0,"44":0,"45":0,"46":1,"47":1,"48":1,"49":1,"50":1,"51":0,"52":3,"53":1,"54":1,"55":1,"56":1,"57":0,"58":0,"59":3,"60":1,"61":1,"62":1,"63":1,"64":1,"65":0,"66":0,"67":0,"68":1,"69":1,"70":1,"71":1,"72":0,"73":3,"74":0,"75":0,"76":0,"77":0,"78":0,"79":0,"80":3,"81":1,"82":1,"83":1,"84":1,"85":0,"86":1,"87":0,"88":1,"89":0,"90":1,"91":0,"92":1,"93":0,"94":1,"95":0,"96":0,"97":1,"98":0,"99":1,"100":0,"101":1,"102":0,"103":0,"104":0,"105":0,"106":0,"107":1,"108":0,"109":0,"110":3,"111":1,"112":1,"113":1,"114":1,"115":1,"116":1,"117":1,"118":0,"119":0,"120":1,"121":1,"122":0,"123":0,"124":0,"125":3},"f":{"0":1,"1":1,"2":1,"3":0,"4":1,"5":1},"b":{"0":[0,1],"1":[0,0],"2":[0,0],"3":[0,1],"4":[1,0,0],"5":[0,1],"6":[0,1],"7":[0,0],"8":[0,1],"9":[0,0],"10":[0,0],"11":[0,1],"12":[0,0],"13":[0,0],"14":[1,0],"15":[0,1],"16":[1,0],"17":[0,1],"18":[0,1],"19":[0,1],"20":[0,1],"21":[0,1],"22":[0,1],"23":[0,1],"24":[0,1],"25":[0,1],"26":[1,0],"27":[0,1]},"_coverageSchema":"1a1c01bbd47fc00a2c39e90264f33305004495a9","hash":"166b42b45eff263404d19f01dcbead1d9b33010c"}
,"/Users/onurpolat/Desktop/web-developpement/week-3/day-2/vinted-API/routes/payment.js": {"path":"/Users/onurpolat/Desktop/web-developpement/week-3/day-2/vinted-API/routes/payment.js","statementMap":{"0":{"start":{"line":1,"column":16},"end":{"line":1,"column":34}},"1":{"start":{"line":2,"column":15},"end":{"line":2,"column":31}},"2":{"start":{"line":3,"column":29},"end":{"line":3,"column":58}},"3":{"start":{"line":4,"column":14},"end":{"line":4,"column":33}},"4":{"start":{"line":5,"column":0},"end":{"line":5,"column":35}},"5":{"start":{"line":7,"column":0},"end":{"line":22,"column":3}},"6":{"start":{"line":8,"column":2},"end":{"line":21,"column":3}},"7":{"start":{"line":9,"column":26},"end":{"line":12,"column":5}},"8":{"start":{"line":13,"column":4},"end":{"line":13,"column":31}},"9":{"start":{"line":17,"column":4},"end":{"line":17,"column":44}},"10":{"start":{"line":19,"column":4},"end":{"line":19,"column":31}},"11":{"start":{"line":20,"column":4},"end":{"line":20,"column":51}},"12":{"start":{"line":24,"column":0},"end":{"line":24,"column":24}}},"fnMap":{"0":{"name":"(anonymous_0)","decl":{"start":{"line":7,"column":24},"end":{"line":7,"column":25}},"loc":{"start":{"line":7,"column":44},"end":{"line":22,"column":1}},"line":7}},"branchMap":{},"s":{"0":3,"1":3,"2":3,"3":3,"4":3,"5":3,"6":1,"7":1,"8":1,"9":1,"10":0,"11":0,"12":3},"f":{"0":1},"b":{},"_coverageSchema":"1a1c01bbd47fc00a2c39e90264f33305004495a9","hash":"74d5724924fcccd8b963fb99452d08f82d60e6af"}
,"/Users/onurpolat/Desktop/web-developpement/week-3/day-2/vinted-API/routes/user.js": {"path":"/Users/onurpolat/Desktop/web-developpement/week-3/day-2/vinted-API/routes/user.js","statementMap":{"0":{"start":{"line":1,"column":16},"end":{"line":1,"column":34}},"1":{"start":{"line":2,"column":15},"end":{"line":2,"column":31}},"2":{"start":{"line":3,"column":15},"end":{"line":3,"column":42}},"3":{"start":{"line":4,"column":18},"end":{"line":4,"column":49}},"4":{"start":{"line":5,"column":13},"end":{"line":5,"column":28}},"5":{"start":{"line":7,"column":13},"end":{"line":7,"column":38}},"6":{"start":{"line":8,"column":14},"end":{"line":8,"column":40}},"7":{"start":{"line":10,"column":0},"end":{"line":59,"column":3}},"8":{"start":{"line":11,"column":2},"end":{"line":58,"column":3}},"9":{"start":{"line":12,"column":4},"end":{"line":53,"column":5}},"10":{"start":{"line":13,"column":6},"end":{"line":15,"column":9}},"11":{"start":{"line":16,"column":11},"end":{"line":53,"column":5}},"12":{"start":{"line":17,"column":6},"end":{"line":19,"column":9}},"13":{"start":{"line":20,"column":11},"end":{"line":53,"column":5}},"14":{"start":{"line":21,"column":6},"end":{"line":23,"column":9}},"15":{"start":{"line":25,"column":6},"end":{"line":52,"column":7}},"16":{"start":{"line":26,"column":8},"end":{"line":28,"column":11}},"17":{"start":{"line":30,"column":21},"end":{"line":30,"column":29}},"18":{"start":{"line":31,"column":25},"end":{"line":31,"column":44}},"19":{"start":{"line":32,"column":21},"end":{"line":32,"column":64}},"20":{"start":{"line":33,"column":22},"end":{"line":33,"column":30}},"21":{"start":{"line":35,"column":24},"end":{"line":45,"column":10}},"22":{"start":{"line":46,"column":8},"end":{"line":46,"column":29}},"23":{"start":{"line":47,"column":8},"end":{"line":51,"column":11}},"24":{"start":{"line":55,"column":4},"end":{"line":57,"column":7}},"25":{"start":{"line":61,"column":0},"end":{"line":95,"column":3}},"26":{"start":{"line":62,"column":2},"end":{"line":94,"column":3}},"27":{"start":{"line":63,"column":4},"end":{"line":89,"column":5}},"28":{"start":{"line":64,"column":6},"end":{"line":66,"column":9}},"29":{"start":{"line":68,"column":6},"end":{"line":88,"column":7}},"30":{"start":{"line":69,"column":21},"end":{"line":69,"column":68}},"31":{"start":{"line":70,"column":30},"end":{"line":72,"column":9}},"32":{"start":{"line":73,"column":8},"end":{"line":83,"column":9}},"33":{"start":{"line":74,"column":10},"end":{"line":78,"column":13}},"34":{"start":{"line":80,"column":10},"end":{"line":82,"column":13}},"35":{"start":{"line":85,"column":8},"end":{"line":87,"column":11}},"36":{"start":{"line":91,"column":4},"end":{"line":93,"column":7}},"37":{"start":{"line":97,"column":0},"end":{"line":97,"column":24}}},"fnMap":{"0":{"name":"(anonymous_0)","decl":{"start":{"line":10,"column":28},"end":{"line":10,"column":29}},"loc":{"start":{"line":10,"column":48},"end":{"line":59,"column":1}},"line":10},"1":{"name":"(anonymous_1)","decl":{"start":{"line":61,"column":27},"end":{"line":61,"column":28}},"loc":{"start":{"line":61,"column":47},"end":{"line":95,"column":1}},"line":61}},"branchMap":{"0":{"loc":{"start":{"line":12,"column":4},"end":{"line":53,"column":5}},"type":"if","locations":[{"start":{"line":12,"column":4},"end":{"line":53,"column":5}},{"start":{"line":16,"column":11},"end":{"line":53,"column":5}}],"line":12},"1":{"loc":{"start":{"line":16,"column":11},"end":{"line":53,"column":5}},"type":"if","locations":[{"start":{"line":16,"column":11},"end":{"line":53,"column":5}},{"start":{"line":20,"column":11},"end":{"line":53,"column":5}}],"line":16},"2":{"loc":{"start":{"line":20,"column":11},"end":{"line":53,"column":5}},"type":"if","locations":[{"start":{"line":20,"column":11},"end":{"line":53,"column":5}},{"start":{"line":24,"column":11},"end":{"line":53,"column":5}}],"line":20},"3":{"loc":{"start":{"line":25,"column":6},"end":{"line":52,"column":7}},"type":"if","locations":[{"start":{"line":25,"column":6},"end":{"line":52,"column":7}},{"start":{"line":29,"column":13},"end":{"line":52,"column":7}}],"line":25},"4":{"loc":{"start":{"line":63,"column":4},"end":{"line":89,"column":5}},"type":"if","locations":[{"start":{"line":63,"column":4},"end":{"line":89,"column":5}},{"start":{"line":67,"column":11},"end":{"line":89,"column":5}}],"line":63},"5":{"loc":{"start":{"line":63,"column":8},"end":{"line":63,"column":49}},"type":"binary-expr","locations":[{"start":{"line":63,"column":8},"end":{"line":63,"column":25}},{"start":{"line":63,"column":29},"end":{"line":63,"column":49}}],"line":63},"6":{"loc":{"start":{"line":68,"column":6},"end":{"line":88,"column":7}},"type":"if","locations":[{"start":{"line":68,"column":6},"end":{"line":88,"column":7}},{"start":{"line":84,"column":13},"end":{"line":88,"column":7}}],"line":68},"7":{"loc":{"start":{"line":73,"column":8},"end":{"line":83,"column":9}},"type":"if","locations":[{"start":{"line":73,"column":8},"end":{"line":83,"column":9}},{"start":{"line":79,"column":15},"end":{"line":83,"column":9}}],"line":73}},"s":{"0":3,"1":3,"2":3,"3":3,"4":3,"5":3,"6":3,"7":3,"8":9,"9":9,"10":1,"11":8,"12":1,"13":7,"14":1,"15":6,"16":1,"17":5,"18":5,"19":5,"20":5,"21":5,"22":5,"23":5,"24":0,"25":3,"26":5,"27":5,"28":1,"29":4,"30":3,"31":3,"32":3,"33":2,"34":1,"35":1,"36":0,"37":3},"f":{"0":9,"1":5},"b":{"0":[1,8],"1":[1,7],"2":[1,6],"3":[1,5],"4":[1,4],"5":[5,4],"6":[3,1],"7":[2,1]},"_coverageSchema":"1a1c01bbd47fc00a2c39e90264f33305004495a9","hash":"9d38f796290d2ac7f43dcdee76be4257afd86d61"}
}
