{"/Users/onurpolat/Desktop/web-developpement/week-3/day-2/vinted-API/app.js": {"path":"/Users/onurpolat/Desktop/web-developpement/week-3/day-2/vinted-API/app.js","statementMap":{"0":{"start":{"line":1,"column":16},"end":{"line":1,"column":34}},"1":{"start":{"line":2,"column":29},"end":{"line":2,"column":58}},"2":{"start":{"line":3,"column":15},"end":{"line":3,"column":42}},"3":{"start":{"line":4,"column":18},"end":{"line":4,"column":49}},"4":{"start":{"line":5,"column":13},"end":{"line":5,"column":28}},"5":{"start":{"line":6,"column":13},"end":{"line":6,"column":28}},"6":{"start":{"line":7,"column":0},"end":{"line":7,"column":27}},"7":{"start":{"line":9,"column":12},"end":{"line":9,"column":21}},"8":{"start":{"line":10,"column":0},"end":{"line":10,"column":32}},"9":{"start":{"line":11,"column":0},"end":{"line":11,"column":16}},"10":{"start":{"line":13,"column":19},"end":{"line":13,"column":43}},"11":{"start":{"line":14,"column":0},"end":{"line":14,"column":20}},"12":{"start":{"line":15,"column":20},"end":{"line":15,"column":45}},"13":{"start":{"line":16,"column":0},"end":{"line":16,"column":21}},"14":{"start":{"line":17,"column":22},"end":{"line":17,"column":49}},"15":{"start":{"line":18,"column":0},"end":{"line":18,"column":23}},"16":{"start":{"line":20,"column":0},"end":{"line":24,"column":3}},"17":{"start":{"line":21,"column":2},"end":{"line":23,"column":5}},"18":{"start":{"line":26,"column":0},"end":{"line":26,"column":21}}},"fnMap":{"0":{"name":"(anonymous_0)","decl":{"start":{"line":20,"column":13},"end":{"line":20,"column":14}},"loc":{"start":{"line":20,"column":27},"end":{"line":24,"column":1}},"line":20}},"branchMap":{},"s":{"0":2,"1":2,"2":2,"3":2,"4":2,"5":2,"6":2,"7":2,"8":2,"9":2,"10":2,"11":2,"12":2,"13":2,"14":2,"15":2,"16":2,"17":0,"18":2},"f":{"0":0},"b":{},"_coverageSchema":"1a1c01bbd47fc00a2c39e90264f33305004495a9","hash":"77aeb3936523502c72a312d9f0a2b00c166c3a37"}
,"/Users/onurpolat/Desktop/web-developpement/week-3/day-2/vinted-API/defaultValues.js": {"path":"/Users/onurpolat/Desktop/web-developpement/week-3/day-2/vinted-API/defaultValues.js","statementMap":{"0":{"start":{"line":1,"column":21},"end":{"line":22,"column":1}},"1":{"start":{"line":24,"column":0},"end":{"line":24,"column":34}}},"fnMap":{},"branchMap":{},"s":{"0":2,"1":2},"f":{},"b":{},"_coverageSchema":"1a1c01bbd47fc00a2c39e90264f33305004495a9","hash":"40f18874dea80f33c391ce0328854b36815f8b91"}
,"/Users/onurpolat/Desktop/web-developpement/week-3/day-2/vinted-API/utils.js": {"path":"/Users/onurpolat/Desktop/web-developpement/week-3/day-2/vinted-API/utils.js","statementMap":{"0":{"start":{"line":1,"column":19},"end":{"line":1,"column":43}},"1":{"start":{"line":3,"column":20},"end":{"line":6,"column":1}},"2":{"start":{"line":4,"column":16},"end":{"line":4,"column":63}},"3":{"start":{"line":5,"column":2},"end":{"line":5,"column":15}},"4":{"start":{"line":8,"column":20},"end":{"line":11,"column":1}},"5":{"start":{"line":9,"column":2},"end":{"line":9,"column":46}},"6":{"start":{"line":10,"column":2},"end":{"line":10,"column":9}},"7":{"start":{"line":13,"column":0},"end":{"line":13,"column":46}}},"fnMap":{"0":{"name":"(anonymous_0)","decl":{"start":{"line":3,"column":20},"end":{"line":3,"column":21}},"loc":{"start":{"line":3,"column":45},"end":{"line":6,"column":1}},"line":3},"1":{"name":"(anonymous_1)","decl":{"start":{"line":8,"column":20},"end":{"line":8,"column":21}},"loc":{"start":{"line":8,"column":40},"end":{"line":11,"column":1}},"line":8}},"branchMap":{},"s":{"0":2,"1":2,"2":0,"3":0,"4":2,"5":0,"6":0,"7":2},"f":{"0":0,"1":0},"b":{},"_coverageSchema":"1a1c01bbd47fc00a2c39e90264f33305004495a9","hash":"8d3d0c76b0e8f2f1b1ab0f1634c477afa22dde79"}
,"/Users/onurpolat/Desktop/web-developpement/week-3/day-2/vinted-API/middleware/isAuthenticated.js": {"path":"/Users/onurpolat/Desktop/web-developpement/week-3/day-2/vinted-API/middleware/isAuthenticated.js","statementMap":{"0":{"start":{"line":1,"column":13},"end":{"line":1,"column":38}},"1":{"start":{"line":3,"column":24},"end":{"line":21,"column":1}},"2":{"start":{"line":4,"column":2},"end":{"line":4,"column":41}},"3":{"start":{"line":5,"column":2},"end":{"line":20,"column":3}},"4":{"start":{"line":6,"column":18},"end":{"line":6,"column":66}},"5":{"start":{"line":7,"column":17},"end":{"line":7,"column":53}},"6":{"start":{"line":8,"column":4},"end":{"line":15,"column":5}},"7":{"start":{"line":9,"column":6},"end":{"line":9,"column":22}},"8":{"start":{"line":10,"column":6},"end":{"line":10,"column":20}},"9":{"start":{"line":12,"column":6},"end":{"line":14,"column":9}},"10":{"start":{"line":17,"column":4},"end":{"line":19,"column":7}},"11":{"start":{"line":23,"column":0},"end":{"line":23,"column":33}}},"fnMap":{"0":{"name":"(anonymous_0)","decl":{"start":{"line":3,"column":24},"end":{"line":3,"column":25}},"loc":{"start":{"line":3,"column":50},"end":{"line":21,"column":1}},"line":3}},"branchMap":{"0":{"loc":{"start":{"line":5,"column":2},"end":{"line":20,"column":3}},"type":"if","locations":[{"start":{"line":5,"column":2},"end":{"line":20,"column":3}},{"start":{"line":16,"column":9},"end":{"line":20,"column":3}}],"line":5},"1":{"loc":{"start":{"line":8,"column":4},"end":{"line":15,"column":5}},"type":"if","locations":[{"start":{"line":8,"column":4},"end":{"line":15,"column":5}},{"start":{"line":11,"column":11},"end":{"line":15,"column":5}}],"line":8}},"s":{"0":2,"1":2,"2":1,"3":1,"4":1,"5":1,"6":1,"7":1,"8":1,"9":0,"10":0,"11":2},"f":{"0":1},"b":{"0":[1,0],"1":[1,0]},"_coverageSchema":"1a1c01bbd47fc00a2c39e90264f33305004495a9","hash":"ac5b4b67a49af0d2c0d4b93affffab66db0f5f7e"}
,"/Users/onurpolat/Desktop/web-developpement/week-3/day-2/vinted-API/models/Offer.js": {"path":"/Users/onurpolat/Desktop/web-developpement/week-3/day-2/vinted-API/models/Offer.js","statementMap":{"0":{"start":{"line":1,"column":17},"end":{"line":1,"column":36}},"1":{"start":{"line":2,"column":13},"end":{"line":2,"column":30}},"2":{"start":{"line":4,"column":14},"end":{"line":14,"column":2}},"3":{"start":{"line":16,"column":0},"end":{"line":16,"column":23}}},"fnMap":{},"branchMap":{},"s":{"0":2,"1":2,"2":2,"3":2},"f":{},"b":{},"_coverageSchema":"1a1c01bbd47fc00a2c39e90264f33305004495a9","hash":"d80b1b42be0dbc54957707ec3e3691a1749f33e7"}
,"/Users/onurpolat/Desktop/web-developpement/week-3/day-2/vinted-API/models/User.js": {"path":"/Users/onurpolat/Desktop/web-developpement/week-3/day-2/vinted-API/models/User.js","statementMap":{"0":{"start":{"line":1,"column":17},"end":{"line":1,"column":36}},"1":{"start":{"line":3,"column":13},"end":{"line":16,"column":2}},"2":{"start":{"line":18,"column":0},"end":{"line":18,"column":22}}},"fnMap":{},"branchMap":{},"s":{"0":2,"1":2,"2":2},"f":{},"b":{},"_coverageSchema":"1a1c01bbd47fc00a2c39e90264f33305004495a9","hash":"bb4344c1c2f31dda8cf94ea77d7a4de03c34e789"}
,"/Users/onurpolat/Desktop/web-developpement/week-3/day-2/vinted-API/routes/offer.js": {"path":"/Users/onurpolat/Desktop/web-developpement/week-3/day-2/vinted-API/routes/offer.js","statementMap":{"0":{"start":{"line":1,"column":16},"end":{"line":1,"column":34}},"1":{"start":{"line":2,"column":15},"end":{"line":2,"column":31}},"2":{"start":{"line":3,"column":19},"end":{"line":3,"column":43}},"3":{"start":{"line":4,"column":14},"end":{"line":4,"column":33}},"4":{"start":{"line":5,"column":25},"end":{"line":5,"column":52}},"5":{"start":{"line":7,"column":0},"end":{"line":11,"column":3}},"6":{"start":{"line":13,"column":13},"end":{"line":13,"column":38}},"7":{"start":{"line":14,"column":14},"end":{"line":14,"column":40}},"8":{"start":{"line":15,"column":24},"end":{"line":15,"column":64}},"9":{"start":{"line":17,"column":0},"end":{"line":115,"column":3}},"10":{"start":{"line":18,"column":2},"end":{"line":114,"column":3}},"11":{"start":{"line":19,"column":15},"end":{"line":19,"column":16}},"12":{"start":{"line":20,"column":23},"end":{"line":20,"column":46}},"13":{"start":{"line":21,"column":4},"end":{"line":21,"column":46}},"14":{"start":{"line":22,"column":16},"end":{"line":22,"column":18}},"15":{"start":{"line":23,"column":15},"end":{"line":23,"column":17}},"16":{"start":{"line":24,"column":17},"end":{"line":24,"column":53}},"17":{"start":{"line":26,"column":4},"end":{"line":30,"column":5}},"18":{"start":{"line":27,"column":6},"end":{"line":29,"column":7}},"19":{"start":{"line":28,"column":8},"end":{"line":28,"column":59}},"20":{"start":{"line":31,"column":4},"end":{"line":109,"column":5}},"21":{"start":{"line":35,"column":6},"end":{"line":37,"column":9}},"22":{"start":{"line":39,"column":6},"end":{"line":41,"column":7}},"23":{"start":{"line":40,"column":8},"end":{"line":40,"column":62}},"24":{"start":{"line":42,"column":6},"end":{"line":51,"column":7}},"25":{"start":{"line":43,"column":8},"end":{"line":50,"column":9}},"26":{"start":{"line":44,"column":10},"end":{"line":44,"column":35}},"27":{"start":{"line":45,"column":10},"end":{"line":45,"column":56}},"28":{"start":{"line":47,"column":10},"end":{"line":49,"column":13}},"29":{"start":{"line":52,"column":6},"end":{"line":65,"column":7}},"30":{"start":{"line":53,"column":8},"end":{"line":64,"column":9}},"31":{"start":{"line":54,"column":10},"end":{"line":59,"column":11}},"32":{"start":{"line":55,"column":12},"end":{"line":55,"column":58}},"33":{"start":{"line":57,"column":12},"end":{"line":57,"column":37}},"34":{"start":{"line":58,"column":12},"end":{"line":58,"column":58}},"35":{"start":{"line":61,"column":10},"end":{"line":63,"column":13}},"36":{"start":{"line":67,"column":6},"end":{"line":108,"column":7}},"37":{"start":{"line":68,"column":8},"end":{"line":76,"column":9}},"38":{"start":{"line":69,"column":10},"end":{"line":69,"column":34}},"39":{"start":{"line":70,"column":15},"end":{"line":76,"column":9}},"40":{"start":{"line":71,"column":10},"end":{"line":71,"column":33}},"41":{"start":{"line":73,"column":10},"end":{"line":75,"column":13}},"42":{"start":{"line":77,"column":8},"end":{"line":84,"column":13}},"43":{"start":{"line":85,"column":25},"end":{"line":85,"column":48}},"44":{"start":{"line":86,"column":20},"end":{"line":86,"column":37}},"45":{"start":{"line":88,"column":8},"end":{"line":91,"column":11}},"46":{"start":{"line":93,"column":8},"end":{"line":99,"column":13}},"47":{"start":{"line":100,"column":25},"end":{"line":100,"column":48}},"48":{"start":{"line":101,"column":20},"end":{"line":101,"column":37}},"49":{"start":{"line":103,"column":8},"end":{"line":106,"column":11}},"50":{"start":{"line":107,"column":8},"end":{"line":107,"column":28}},"51":{"start":{"line":111,"column":4},"end":{"line":113,"column":7}},"52":{"start":{"line":116,"column":0},"end":{"line":126,"column":3}},"53":{"start":{"line":117,"column":2},"end":{"line":125,"column":3}},"54":{"start":{"line":118,"column":18},"end":{"line":121,"column":6}},"55":{"start":{"line":122,"column":4},"end":{"line":122,"column":20}},"56":{"start":{"line":124,"column":4},"end":{"line":124,"column":53}},"57":{"start":{"line":127,"column":0},"end":{"line":195,"column":3}},"58":{"start":{"line":128,"column":2},"end":{"line":194,"column":3}},"59":{"start":{"line":129,"column":17},"end":{"line":129,"column":40}},"60":{"start":{"line":130,"column":20},"end":{"line":146,"column":5}},"61":{"start":{"line":148,"column":18},"end":{"line":154,"column":6}},"62":{"start":{"line":156,"column":4},"end":{"line":170,"column":5}},"63":{"start":{"line":157,"column":30},"end":{"line":157,"column":52}},"64":{"start":{"line":158,"column":6},"end":{"line":158,"column":46}},"65":{"start":{"line":159,"column":22},"end":{"line":161,"column":7}},"66":{"start":{"line":169,"column":6},"end":{"line":169,"column":41}},"67":{"start":{"line":172,"column":4},"end":{"line":172,"column":23}},"68":{"start":{"line":174,"column":15},"end":{"line":176,"column":5}},"69":{"start":{"line":177,"column":4},"end":{"line":189,"column":7}},"70":{"start":{"line":191,"column":4},"end":{"line":193,"column":7}},"71":{"start":{"line":197,"column":0},"end":{"line":210,"column":3}},"72":{"start":{"line":198,"column":15},"end":{"line":198,"column":37}},"73":{"start":{"line":199,"column":18},"end":{"line":199,"column":48}},"74":{"start":{"line":200,"column":2},"end":{"line":209,"column":3}},"75":{"start":{"line":201,"column":18},"end":{"line":201,"column":56}},"76":{"start":{"line":202,"column":4},"end":{"line":204,"column":7}},"77":{"start":{"line":206,"column":4},"end":{"line":208,"column":7}},"78":{"start":{"line":212,"column":0},"end":{"line":266,"column":3}},"79":{"start":{"line":213,"column":2},"end":{"line":265,"column":3}},"80":{"start":{"line":214,"column":20},"end":{"line":214,"column":55}},"81":{"start":{"line":215,"column":4},"end":{"line":260,"column":5}},"82":{"start":{"line":216,"column":6},"end":{"line":218,"column":7}},"83":{"start":{"line":217,"column":8},"end":{"line":217,"column":49}},"84":{"start":{"line":219,"column":6},"end":{"line":221,"column":7}},"85":{"start":{"line":220,"column":8},"end":{"line":220,"column":48}},"86":{"start":{"line":222,"column":6},"end":{"line":224,"column":7}},"87":{"start":{"line":223,"column":8},"end":{"line":223,"column":61}},"88":{"start":{"line":225,"column":6},"end":{"line":227,"column":7}},"89":{"start":{"line":226,"column":8},"end":{"line":226,"column":63}},"90":{"start":{"line":228,"column":6},"end":{"line":230,"column":7}},"91":{"start":{"line":229,"column":8},"end":{"line":229,"column":65}},"92":{"start":{"line":231,"column":6},"end":{"line":234,"column":7}},"93":{"start":{"line":232,"column":8},"end":{"line":232,"column":61}},"94":{"start":{"line":233,"column":8},"end":{"line":233,"column":55}},"95":{"start":{"line":235,"column":6},"end":{"line":237,"column":7}},"96":{"start":{"line":236,"column":8},"end":{"line":236,"column":60}},"97":{"start":{"line":238,"column":6},"end":{"line":240,"column":7}},"98":{"start":{"line":239,"column":8},"end":{"line":239,"column":62}},"99":{"start":{"line":241,"column":6},"end":{"line":251,"column":7}},"100":{"start":{"line":243,"column":32},"end":{"line":243,"column":63}},"101":{"start":{"line":244,"column":8},"end":{"line":244,"column":59}},"102":{"start":{"line":246,"column":32},"end":{"line":246,"column":54}},"103":{"start":{"line":247,"column":22},"end":{"line":249,"column":10}},"104":{"start":{"line":250,"column":8},"end":{"line":250,"column":38}},"105":{"start":{"line":252,"column":6},"end":{"line":255,"column":9}},"106":{"start":{"line":257,"column":6},"end":{"line":259,"column":9}},"107":{"start":{"line":262,"column":4},"end":{"line":264,"column":7}},"108":{"start":{"line":268,"column":0},"end":{"line":296,"column":3}},"109":{"start":{"line":269,"column":2},"end":{"line":295,"column":3}},"110":{"start":{"line":270,"column":20},"end":{"line":270,"column":55}},"111":{"start":{"line":271,"column":4},"end":{"line":290,"column":5}},"112":{"start":{"line":272,"column":17},"end":{"line":272,"column":27}},"113":{"start":{"line":274,"column":6},"end":{"line":274,"column":27}},"114":{"start":{"line":276,"column":30},"end":{"line":276,"column":61}},"115":{"start":{"line":278,"column":6},"end":{"line":278,"column":71}},"116":{"start":{"line":281,"column":6},"end":{"line":281,"column":65}},"117":{"start":{"line":282,"column":6},"end":{"line":282,"column":40}},"118":{"start":{"line":283,"column":6},"end":{"line":285,"column":9}},"119":{"start":{"line":287,"column":6},"end":{"line":289,"column":9}},"120":{"start":{"line":292,"column":4},"end":{"line":294,"column":7}},"121":{"start":{"line":298,"column":0},"end":{"line":298,"column":24}}},"fnMap":{"0":{"name":"(anonymous_0)","decl":{"start":{"line":17,"column":22},"end":{"line":17,"column":23}},"loc":{"start":{"line":17,"column":42},"end":{"line":115,"column":1}},"line":17},"1":{"name":"(anonymous_1)","decl":{"start":{"line":116,"column":25},"end":{"line":116,"column":26}},"loc":{"start":{"line":116,"column":45},"end":{"line":126,"column":1}},"line":116},"2":{"name":"(anonymous_2)","decl":{"start":{"line":127,"column":47},"end":{"line":127,"column":48}},"loc":{"start":{"line":127,"column":67},"end":{"line":195,"column":1}},"line":127},"3":{"name":"(anonymous_3)","decl":{"start":{"line":197,"column":30},"end":{"line":197,"column":31}},"loc":{"start":{"line":197,"column":50},"end":{"line":210,"column":1}},"line":197},"4":{"name":"(anonymous_4)","decl":{"start":{"line":212,"column":49},"end":{"line":212,"column":50}},"loc":{"start":{"line":212,"column":69},"end":{"line":266,"column":1}},"line":212},"5":{"name":"(anonymous_5)","decl":{"start":{"line":268,"column":52},"end":{"line":268,"column":53}},"loc":{"start":{"line":268,"column":72},"end":{"line":296,"column":1}},"line":268}},"branchMap":{"0":{"loc":{"start":{"line":26,"column":4},"end":{"line":30,"column":5}},"type":"if","locations":[{"start":{"line":26,"column":4},"end":{"line":30,"column":5}},{"start":{},"end":{}}],"line":26},"1":{"loc":{"start":{"line":27,"column":6},"end":{"line":29,"column":7}},"type":"if","locations":[{"start":{"line":27,"column":6},"end":{"line":29,"column":7}},{"start":{},"end":{}}],"line":27},"2":{"loc":{"start":{"line":27,"column":10},"end":{"line":27,"column":62}},"type":"binary-expr","locations":[{"start":{"line":27,"column":10},"end":{"line":27,"column":32}},{"start":{"line":27,"column":36},"end":{"line":27,"column":62}}],"line":27},"3":{"loc":{"start":{"line":31,"column":4},"end":{"line":109,"column":5}},"type":"if","locations":[{"start":{"line":31,"column":4},"end":{"line":109,"column":5}},{"start":{"line":38,"column":11},"end":{"line":109,"column":5}}],"line":31},"4":{"loc":{"start":{"line":32,"column":6},"end":{"line":33,"column":60}},"type":"binary-expr","locations":[{"start":{"line":32,"column":6},"end":{"line":32,"column":20}},{"start":{"line":33,"column":7},"end":{"line":33,"column":28}},{"start":{"line":33,"column":32},"end":{"line":33,"column":59}}],"line":32},"5":{"loc":{"start":{"line":39,"column":6},"end":{"line":41,"column":7}},"type":"if","locations":[{"start":{"line":39,"column":6},"end":{"line":41,"column":7}},{"start":{},"end":{}}],"line":39},"6":{"loc":{"start":{"line":42,"column":6},"end":{"line":51,"column":7}},"type":"if","locations":[{"start":{"line":42,"column":6},"end":{"line":51,"column":7}},{"start":{},"end":{}}],"line":42},"7":{"loc":{"start":{"line":43,"column":8},"end":{"line":50,"column":9}},"type":"if","locations":[{"start":{"line":43,"column":8},"end":{"line":50,"column":9}},{"start":{"line":46,"column":15},"end":{"line":50,"column":9}}],"line":43},"8":{"loc":{"start":{"line":52,"column":6},"end":{"line":65,"column":7}},"type":"if","locations":[{"start":{"line":52,"column":6},"end":{"line":65,"column":7}},{"start":{},"end":{}}],"line":52},"9":{"loc":{"start":{"line":53,"column":8},"end":{"line":64,"column":9}},"type":"if","locations":[{"start":{"line":53,"column":8},"end":{"line":64,"column":9}},{"start":{"line":60,"column":15},"end":{"line":64,"column":9}}],"line":53},"10":{"loc":{"start":{"line":54,"column":10},"end":{"line":59,"column":11}},"type":"if","locations":[{"start":{"line":54,"column":10},"end":{"line":59,"column":11}},{"start":{"line":56,"column":17},"end":{"line":59,"column":11}}],"line":54},"11":{"loc":{"start":{"line":67,"column":6},"end":{"line":108,"column":7}},"type":"if","locations":[{"start":{"line":67,"column":6},"end":{"line":108,"column":7}},{"start":{"line":92,"column":13},"end":{"line":108,"column":7}}],"line":67},"12":{"loc":{"start":{"line":68,"column":8},"end":{"line":76,"column":9}},"type":"if","locations":[{"start":{"line":68,"column":8},"end":{"line":76,"column":9}},{"start":{"line":70,"column":15},"end":{"line":76,"column":9}}],"line":68},"13":{"loc":{"start":{"line":70,"column":15},"end":{"line":76,"column":9}},"type":"if","locations":[{"start":{"line":70,"column":15},"end":{"line":76,"column":9}},{"start":{"line":72,"column":15},"end":{"line":76,"column":9}}],"line":70},"14":{"loc":{"start":{"line":156,"column":4},"end":{"line":170,"column":5}},"type":"if","locations":[{"start":{"line":156,"column":4},"end":{"line":170,"column":5}},{"start":{"line":168,"column":11},"end":{"line":170,"column":5}}],"line":156},"15":{"loc":{"start":{"line":215,"column":4},"end":{"line":260,"column":5}},"type":"if","locations":[{"start":{"line":215,"column":4},"end":{"line":260,"column":5}},{"start":{"line":256,"column":11},"end":{"line":260,"column":5}}],"line":215},"16":{"loc":{"start":{"line":216,"column":6},"end":{"line":218,"column":7}},"type":"if","locations":[{"start":{"line":216,"column":6},"end":{"line":218,"column":7}},{"start":{},"end":{}}],"line":216},"17":{"loc":{"start":{"line":219,"column":6},"end":{"line":221,"column":7}},"type":"if","locations":[{"start":{"line":219,"column":6},"end":{"line":221,"column":7}},{"start":{},"end":{}}],"line":219},"18":{"loc":{"start":{"line":222,"column":6},"end":{"line":224,"column":7}},"type":"if","locations":[{"start":{"line":222,"column":6},"end":{"line":224,"column":7}},{"start":{},"end":{}}],"line":222},"19":{"loc":{"start":{"line":225,"column":6},"end":{"line":227,"column":7}},"type":"if","locations":[{"start":{"line":225,"column":6},"end":{"line":227,"column":7}},{"start":{},"end":{}}],"line":225},"20":{"loc":{"start":{"line":228,"column":6},"end":{"line":230,"column":7}},"type":"if","locations":[{"start":{"line":228,"column":6},"end":{"line":230,"column":7}},{"start":{},"end":{}}],"line":228},"21":{"loc":{"start":{"line":231,"column":6},"end":{"line":234,"column":7}},"type":"if","locations":[{"start":{"line":231,"column":6},"end":{"line":234,"column":7}},{"start":{},"end":{}}],"line":231},"22":{"loc":{"start":{"line":235,"column":6},"end":{"line":237,"column":7}},"type":"if","locations":[{"start":{"line":235,"column":6},"end":{"line":237,"column":7}},{"start":{},"end":{}}],"line":235},"23":{"loc":{"start":{"line":238,"column":6},"end":{"line":240,"column":7}},"type":"if","locations":[{"start":{"line":238,"column":6},"end":{"line":240,"column":7}},{"start":{},"end":{}}],"line":238},"24":{"loc":{"start":{"line":241,"column":6},"end":{"line":251,"column":7}},"type":"if","locations":[{"start":{"line":241,"column":6},"end":{"line":251,"column":7}},{"start":{},"end":{}}],"line":241},"25":{"loc":{"start":{"line":271,"column":4},"end":{"line":290,"column":5}},"type":"if","locations":[{"start":{"line":271,"column":4},"end":{"line":290,"column":5}},{"start":{"line":286,"column":11},"end":{"line":290,"column":5}}],"line":271}},"s":{"0":2,"1":2,"2":2,"3":2,"4":2,"5":2,"6":2,"7":2,"8":2,"9":2,"10":1,"11":1,"12":1,"13":1,"14":1,"15":1,"16":1,"17":1,"18":0,"19":0,"20":1,"21":0,"22":1,"23":0,"24":1,"25":0,"26":0,"27":0,"28":0,"29":1,"30":0,"31":0,"32":0,"33":0,"34":0,"35":0,"36":1,"37":0,"38":0,"39":0,"40":0,"41":0,"42":0,"43":0,"44":0,"45":0,"46":1,"47":1,"48":1,"49":1,"50":1,"51":0,"52":2,"53":0,"54":0,"55":0,"56":0,"57":2,"58":1,"59":1,"60":1,"61":1,"62":1,"63":0,"64":0,"65":0,"66":1,"67":1,"68":1,"69":1,"70":0,"71":2,"72":0,"73":0,"74":0,"75":0,"76":0,"77":0,"78":2,"79":0,"80":0,"81":0,"82":0,"83":0,"84":0,"85":0,"86":0,"87":0,"88":0,"89":0,"90":0,"91":0,"92":0,"93":0,"94":0,"95":0,"96":0,"97":0,"98":0,"99":0,"100":0,"101":0,"102":0,"103":0,"104":0,"105":0,"106":0,"107":0,"108":2,"109":0,"110":0,"111":0,"112":0,"113":0,"114":0,"115":0,"116":0,"117":0,"118":0,"119":0,"120":0,"121":2},"f":{"0":1,"1":0,"2":1,"3":0,"4":0,"5":0},"b":{"0":[0,1],"1":[0,0],"2":[0,0],"3":[0,1],"4":[1,0,0],"5":[0,1],"6":[0,1],"7":[0,0],"8":[0,1],"9":[0,0],"10":[0,0],"11":[0,1],"12":[0,0],"13":[0,0],"14":[0,1],"15":[0,0],"16":[0,0],"17":[0,0],"18":[0,0],"19":[0,0],"20":[0,0],"21":[0,0],"22":[0,0],"23":[0,0],"24":[0,0],"25":[0,0]},"_coverageSchema":"1a1c01bbd47fc00a2c39e90264f33305004495a9","hash":"b92ebc628b7e5232052f4637914a9bb74b96d49b"}
,"/Users/onurpolat/Desktop/web-developpement/week-3/day-2/vinted-API/routes/payment.js": {"path":"/Users/onurpolat/Desktop/web-developpement/week-3/day-2/vinted-API/routes/payment.js","statementMap":{"0":{"start":{"line":1,"column":16},"end":{"line":1,"column":34}},"1":{"start":{"line":2,"column":15},"end":{"line":2,"column":31}},"2":{"start":{"line":3,"column":29},"end":{"line":3,"column":58}},"3":{"start":{"line":4,"column":0},"end":{"line":4,"column":35}},"4":{"start":{"line":5,"column":15},"end":{"line":5,"column":57}},"5":{"start":{"line":7,"column":0},"end":{"line":21,"column":3}},"6":{"start":{"line":8,"column":2},"end":{"line":20,"column":3}},"7":{"start":{"line":9,"column":26},"end":{"line":13,"column":6}},"8":{"start":{"line":14,"column":4},"end":{"line":16,"column":7}},"9":{"start":{"line":18,"column":4},"end":{"line":18,"column":31}},"10":{"start":{"line":19,"column":4},"end":{"line":19,"column":51}},"11":{"start":{"line":23,"column":0},"end":{"line":23,"column":24}}},"fnMap":{"0":{"name":"(anonymous_0)","decl":{"start":{"line":7,"column":24},"end":{"line":7,"column":25}},"loc":{"start":{"line":7,"column":44},"end":{"line":21,"column":1}},"line":7}},"branchMap":{},"s":{"0":2,"1":2,"2":2,"3":2,"4":2,"5":2,"6":0,"7":0,"8":0,"9":0,"10":0,"11":2},"f":{"0":0},"b":{},"_coverageSchema":"1a1c01bbd47fc00a2c39e90264f33305004495a9","hash":"180b2c17d7e2752baed2a136a992c9b508b6669a"}
,"/Users/onurpolat/Desktop/web-developpement/week-3/day-2/vinted-API/routes/user.js": {"path":"/Users/onurpolat/Desktop/web-developpement/week-3/day-2/vinted-API/routes/user.js","statementMap":{"0":{"start":{"line":1,"column":16},"end":{"line":1,"column":34}},"1":{"start":{"line":2,"column":15},"end":{"line":2,"column":31}},"2":{"start":{"line":3,"column":15},"end":{"line":3,"column":42}},"3":{"start":{"line":4,"column":18},"end":{"line":4,"column":49}},"4":{"start":{"line":5,"column":13},"end":{"line":5,"column":28}},"5":{"start":{"line":7,"column":13},"end":{"line":7,"column":38}},"6":{"start":{"line":8,"column":14},"end":{"line":8,"column":40}},"7":{"start":{"line":10,"column":0},"end":{"line":59,"column":3}},"8":{"start":{"line":11,"column":2},"end":{"line":58,"column":3}},"9":{"start":{"line":12,"column":4},"end":{"line":53,"column":5}},"10":{"start":{"line":13,"column":6},"end":{"line":15,"column":9}},"11":{"start":{"line":16,"column":11},"end":{"line":53,"column":5}},"12":{"start":{"line":17,"column":6},"end":{"line":19,"column":9}},"13":{"start":{"line":20,"column":11},"end":{"line":53,"column":5}},"14":{"start":{"line":21,"column":6},"end":{"line":23,"column":9}},"15":{"start":{"line":25,"column":6},"end":{"line":52,"column":7}},"16":{"start":{"line":26,"column":8},"end":{"line":28,"column":11}},"17":{"start":{"line":30,"column":21},"end":{"line":30,"column":29}},"18":{"start":{"line":31,"column":25},"end":{"line":31,"column":44}},"19":{"start":{"line":32,"column":21},"end":{"line":32,"column":64}},"20":{"start":{"line":33,"column":22},"end":{"line":33,"column":30}},"21":{"start":{"line":35,"column":24},"end":{"line":45,"column":10}},"22":{"start":{"line":46,"column":8},"end":{"line":46,"column":29}},"23":{"start":{"line":47,"column":8},"end":{"line":51,"column":11}},"24":{"start":{"line":55,"column":4},"end":{"line":57,"column":7}},"25":{"start":{"line":61,"column":0},"end":{"line":95,"column":3}},"26":{"start":{"line":62,"column":2},"end":{"line":94,"column":3}},"27":{"start":{"line":63,"column":4},"end":{"line":89,"column":5}},"28":{"start":{"line":64,"column":6},"end":{"line":66,"column":9}},"29":{"start":{"line":68,"column":6},"end":{"line":88,"column":7}},"30":{"start":{"line":69,"column":21},"end":{"line":69,"column":68}},"31":{"start":{"line":70,"column":30},"end":{"line":72,"column":9}},"32":{"start":{"line":73,"column":8},"end":{"line":83,"column":9}},"33":{"start":{"line":74,"column":10},"end":{"line":78,"column":13}},"34":{"start":{"line":80,"column":10},"end":{"line":82,"column":13}},"35":{"start":{"line":85,"column":8},"end":{"line":87,"column":11}},"36":{"start":{"line":91,"column":4},"end":{"line":93,"column":7}},"37":{"start":{"line":97,"column":0},"end":{"line":97,"column":24}}},"fnMap":{"0":{"name":"(anonymous_0)","decl":{"start":{"line":10,"column":28},"end":{"line":10,"column":29}},"loc":{"start":{"line":10,"column":48},"end":{"line":59,"column":1}},"line":10},"1":{"name":"(anonymous_1)","decl":{"start":{"line":61,"column":27},"end":{"line":61,"column":28}},"loc":{"start":{"line":61,"column":47},"end":{"line":95,"column":1}},"line":61}},"branchMap":{"0":{"loc":{"start":{"line":12,"column":4},"end":{"line":53,"column":5}},"type":"if","locations":[{"start":{"line":12,"column":4},"end":{"line":53,"column":5}},{"start":{"line":16,"column":11},"end":{"line":53,"column":5}}],"line":12},"1":{"loc":{"start":{"line":16,"column":11},"end":{"line":53,"column":5}},"type":"if","locations":[{"start":{"line":16,"column":11},"end":{"line":53,"column":5}},{"start":{"line":20,"column":11},"end":{"line":53,"column":5}}],"line":16},"2":{"loc":{"start":{"line":20,"column":11},"end":{"line":53,"column":5}},"type":"if","locations":[{"start":{"line":20,"column":11},"end":{"line":53,"column":5}},{"start":{"line":24,"column":11},"end":{"line":53,"column":5}}],"line":20},"3":{"loc":{"start":{"line":25,"column":6},"end":{"line":52,"column":7}},"type":"if","locations":[{"start":{"line":25,"column":6},"end":{"line":52,"column":7}},{"start":{"line":29,"column":13},"end":{"line":52,"column":7}}],"line":25},"4":{"loc":{"start":{"line":63,"column":4},"end":{"line":89,"column":5}},"type":"if","locations":[{"start":{"line":63,"column":4},"end":{"line":89,"column":5}},{"start":{"line":67,"column":11},"end":{"line":89,"column":5}}],"line":63},"5":{"loc":{"start":{"line":63,"column":8},"end":{"line":63,"column":49}},"type":"binary-expr","locations":[{"start":{"line":63,"column":8},"end":{"line":63,"column":25}},{"start":{"line":63,"column":29},"end":{"line":63,"column":49}}],"line":63},"6":{"loc":{"start":{"line":68,"column":6},"end":{"line":88,"column":7}},"type":"if","locations":[{"start":{"line":68,"column":6},"end":{"line":88,"column":7}},{"start":{"line":84,"column":13},"end":{"line":88,"column":7}}],"line":68},"7":{"loc":{"start":{"line":73,"column":8},"end":{"line":83,"column":9}},"type":"if","locations":[{"start":{"line":73,"column":8},"end":{"line":83,"column":9}},{"start":{"line":79,"column":15},"end":{"line":83,"column":9}}],"line":73}},"s":{"0":2,"1":2,"2":2,"3":2,"4":2,"5":2,"6":2,"7":2,"8":9,"9":9,"10":1,"11":8,"12":1,"13":7,"14":1,"15":6,"16":1,"17":5,"18":5,"19":5,"20":5,"21":5,"22":5,"23":5,"24":0,"25":2,"26":5,"27":5,"28":1,"29":4,"30":3,"31":3,"32":3,"33":2,"34":1,"35":1,"36":0,"37":2},"f":{"0":9,"1":5},"b":{"0":[1,8],"1":[1,7],"2":[1,6],"3":[1,5],"4":[1,4],"5":[5,4],"6":[3,1],"7":[2,1]},"_coverageSchema":"1a1c01bbd47fc00a2c39e90264f33305004495a9","hash":"9d38f796290d2ac7f43dcdee76be4257afd86d61"}
}
