TN:
SF:app.js
FN:20,(anonymous_0)
FNF:1
FNH:0
FNDA:0,(anonymous_0)
DA:1,3
DA:2,3
DA:3,3
DA:4,3
DA:5,3
DA:6,3
DA:7,3
DA:9,3
DA:10,3
DA:11,3
DA:13,3
DA:14,3
DA:15,3
DA:16,3
DA:17,3
DA:18,3
DA:20,3
DA:21,0
DA:26,3
LF:19
LH:18
BRF:0
BRH:0
end_of_record
TN:
SF:defaultValues.js
FNF:0
FNH:0
DA:1,3
DA:24,3
LF:2
LH:2
BRF:0
BRH:0
end_of_record
TN:
SF:utils.js
FN:5,(anonymous_0)
FN:14,(anonymous_1)
FN:24,(anonymous_2)
FNF:3
FNH:1
FNDA:0,(anonymous_0)
FNDA:0,(anonymous_1)
FNDA:1,(anonymous_2)
DA:1,3
DA:2,3
DA:5,3
DA:6,0
DA:7,0
DA:8,0
DA:10,0
DA:14,3
DA:15,0
DA:16,0
DA:17,0
DA:19,0
DA:24,3
DA:25,1
DA:26,1
DA:31,1
DA:33,0
DA:37,3
LF:18
LH:9
BRF:0
BRH:0
end_of_record
TN:
SF:middleware/isAuthenticated.js
FN:3,(anonymous_0)
FNF:1
FNH:1
FNDA:3,(anonymous_0)
DA:1,3
DA:3,3
DA:4,3
DA:5,3
DA:6,3
DA:7,3
DA:8,3
DA:9,3
DA:10,3
DA:12,0
DA:17,0
DA:23,3
LF:12
LH:10
BRDA:5,0,0,3
BRDA:5,0,1,0
BRDA:8,1,0,3
BRDA:8,1,1,0
BRF:4
BRH:2
end_of_record
TN:
SF:models/Offer.js
FNF:0
FNH:0
DA:1,3
DA:2,3
DA:4,3
DA:16,3
LF:4
LH:4
BRF:0
BRH:0
end_of_record
TN:
SF:models/User.js
FNF:0
FNH:0
DA:1,3
DA:3,3
DA:18,3
LF:3
LH:3
BRF:0
BRH:0
end_of_record
TN:
SF:routes/offer.js
FN:17,(anonymous_0)
FN:116,(anonymous_1)
FN:133,(anonymous_2)
FN:203,(anonymous_3)
FN:218,(anonymous_4)
FN:274,(anonymous_5)
FNF:6
FNH:5
FNDA:1,(anonymous_0)
FNDA:1,(anonymous_1)
FNDA:1,(anonymous_2)
FNDA:0,(anonymous_3)
FNDA:1,(anonymous_4)
FNDA:1,(anonymous_5)
DA:1,3
DA:2,3
DA:3,3
DA:4,3
DA:5,3
DA:7,3
DA:13,3
DA:14,3
DA:15,3
DA:17,3
DA:18,1
DA:19,1
DA:20,1
DA:21,1
DA:22,1
DA:23,1
DA:24,1
DA:26,1
DA:27,0
DA:28,0
DA:31,1
DA:35,0
DA:39,1
DA:40,0
DA:42,1
DA:43,0
DA:44,0
DA:45,0
DA:47,0
DA:52,1
DA:53,0
DA:54,0
DA:55,0
DA:57,0
DA:58,0
DA:61,0
DA:67,1
DA:68,0
DA:69,0
DA:70,0
DA:71,0
DA:73,0
DA:77,0
DA:85,0
DA:86,0
DA:88,0
DA:93,1
DA:100,1
DA:101,1
DA:103,1
DA:107,1
DA:111,0
DA:116,3
DA:117,1
DA:118,1
DA:122,1
DA:123,1
DA:125,0
DA:130,0
DA:133,3
DA:134,1
DA:135,1
DA:136,1
DA:154,1
DA:162,1
DA:163,0
DA:164,0
DA:165,0
DA:175,1
DA:178,1
DA:180,1
DA:183,1
DA:197,0
DA:203,3
DA:204,0
DA:205,0
DA:206,0
DA:207,0
DA:208,0
DA:212,0
DA:218,3
DA:219,1
DA:220,1
DA:221,1
DA:222,1
DA:223,0
DA:225,1
DA:226,0
DA:228,1
DA:229,0
DA:231,1
DA:232,0
DA:234,1
DA:235,0
DA:237,1
DA:238,0
DA:239,0
DA:241,1
DA:242,0
DA:244,1
DA:245,0
DA:247,1
DA:249,0
DA:250,0
DA:252,0
DA:253,0
DA:256,0
DA:258,1
DA:263,0
DA:268,0
DA:274,3
DA:275,1
DA:276,1
DA:277,1
DA:278,1
DA:279,1
DA:281,1
DA:284,1
DA:286,0
DA:289,0
DA:292,1
DA:293,1
DA:297,0
DA:302,0
DA:303,0
DA:309,3
LF:126
LH:69
BRDA:26,0,0,0
BRDA:26,0,1,1
BRDA:27,1,0,0
BRDA:27,1,1,0
BRDA:27,2,0,0
BRDA:27,2,1,0
BRDA:31,3,0,0
BRDA:31,3,1,1
BRDA:32,4,0,1
BRDA:32,4,1,0
BRDA:32,4,2,0
BRDA:39,5,0,0
BRDA:39,5,1,1
BRDA:42,6,0,0
BRDA:42,6,1,1
BRDA:43,7,0,0
BRDA:43,7,1,0
BRDA:52,8,0,0
BRDA:52,8,1,1
BRDA:53,9,0,0
BRDA:53,9,1,0
BRDA:54,10,0,0
BRDA:54,10,1,0
BRDA:67,11,0,0
BRDA:67,11,1,1
BRDA:68,12,0,0
BRDA:68,12,1,0
BRDA:70,13,0,0
BRDA:70,13,1,0
BRDA:122,14,0,1
BRDA:122,14,1,0
BRDA:162,15,0,0
BRDA:162,15,1,1
BRDA:221,16,0,1
BRDA:221,16,1,0
BRDA:222,17,0,0
BRDA:222,17,1,1
BRDA:225,18,0,0
BRDA:225,18,1,1
BRDA:228,19,0,0
BRDA:228,19,1,1
BRDA:231,20,0,0
BRDA:231,20,1,1
BRDA:234,21,0,0
BRDA:234,21,1,1
BRDA:237,22,0,0
BRDA:237,22,1,1
BRDA:241,23,0,0
BRDA:241,23,1,1
BRDA:244,24,0,0
BRDA:244,24,1,1
BRDA:247,25,0,0
BRDA:247,25,1,1
BRDA:277,26,0,1
BRDA:277,26,1,0
BRDA:284,27,0,0
BRDA:284,27,1,1
BRF:57
BRH:21
end_of_record
TN:
SF:routes/payment.js
FN:7,(anonymous_0)
FNF:1
FNH:1
FNDA:1,(anonymous_0)
DA:1,3
DA:2,3
DA:3,3
DA:4,3
DA:5,3
DA:7,3
DA:8,1
DA:9,1
DA:13,1
DA:17,1
DA:19,0
DA:20,0
DA:24,3
LF:13
LH:11
BRF:0
BRH:0
end_of_record
TN:
SF:routes/user.js
FN:10,(anonymous_0)
FN:61,(anonymous_1)
FNF:2
FNH:2
FNDA:9,(anonymous_0)
FNDA:5,(anonymous_1)
DA:1,3
DA:2,3
DA:3,3
DA:4,3
DA:5,3
DA:7,3
DA:8,3
DA:10,3
DA:11,9
DA:12,9
DA:13,1
DA:16,8
DA:17,1
DA:20,7
DA:21,1
DA:25,6
DA:26,1
DA:30,5
DA:31,5
DA:32,5
DA:33,5
DA:35,5
DA:46,5
DA:47,5
DA:55,0
DA:61,3
DA:62,5
DA:63,5
DA:64,1
DA:68,4
DA:69,3
DA:70,3
DA:73,3
DA:74,2
DA:80,1
DA:85,1
DA:91,0
DA:97,3
LF:38
LH:36
BRDA:12,0,0,1
BRDA:12,0,1,8
BRDA:16,1,0,1
BRDA:16,1,1,7
BRDA:20,2,0,1
BRDA:20,2,1,6
BRDA:25,3,0,1
BRDA:25,3,1,5
BRDA:63,4,0,1
BRDA:63,4,1,4
BRDA:63,5,0,5
BRDA:63,5,1,4
BRDA:68,6,0,3
BRDA:68,6,1,1
BRDA:73,7,0,2
BRDA:73,7,1,1
BRF:16
BRH:16
end_of_record
