TN:
SF:app.js
FN:20,(anonymous_0)
FNF:1
FNH:0
FNDA:0,(anonymous_0)
DA:1,2
DA:2,2
DA:3,2
DA:4,2
DA:5,2
DA:6,2
DA:7,2
DA:9,2
DA:10,2
DA:11,2
DA:13,2
DA:14,2
DA:15,2
DA:16,2
DA:17,2
DA:18,2
DA:20,2
DA:21,0
DA:26,2
LF:19
LH:18
BRF:0
BRH:0
end_of_record
TN:
SF:defaultValues.js
FNF:0
FNH:0
DA:1,2
DA:24,2
LF:2
LH:2
BRF:0
BRH:0
end_of_record
TN:
SF:utils.js
FN:3,(anonymous_0)
FN:8,(anonymous_1)
FNF:2
FNH:0
FNDA:0,(anonymous_0)
FNDA:0,(anonymous_1)
DA:1,2
DA:3,2
DA:4,0
DA:5,0
DA:8,2
DA:9,0
DA:10,0
DA:13,2
LF:8
LH:4
BRF:0
BRH:0
end_of_record
TN:
SF:middleware/isAuthenticated.js
FN:3,(anonymous_0)
FNF:1
FNH:1
FNDA:1,(anonymous_0)
DA:1,2
DA:3,2
DA:4,1
DA:5,1
DA:6,1
DA:7,1
DA:8,1
DA:9,1
DA:10,1
DA:12,0
DA:17,0
DA:23,2
LF:12
LH:10
BRDA:5,0,0,1
BRDA:5,0,1,0
BRDA:8,1,0,1
BRDA:8,1,1,0
BRF:4
BRH:2
end_of_record
TN:
SF:models/Offer.js
FNF:0
FNH:0
DA:1,2
DA:2,2
DA:4,2
DA:16,2
LF:4
LH:4
BRF:0
BRH:0
end_of_record
TN:
SF:models/User.js
FNF:0
FNH:0
DA:1,2
DA:3,2
DA:18,2
LF:3
LH:3
BRF:0
BRH:0
end_of_record
TN:
SF:routes/offer.js
FN:17,(anonymous_0)
FN:116,(anonymous_1)
FN:127,(anonymous_2)
FN:197,(anonymous_3)
FN:212,(anonymous_4)
FN:268,(anonymous_5)
FNF:6
FNH:2
FNDA:1,(anonymous_0)
FNDA:0,(anonymous_1)
FNDA:1,(anonymous_2)
FNDA:0,(anonymous_3)
FNDA:0,(anonymous_4)
FNDA:0,(anonymous_5)
DA:1,2
DA:2,2
DA:3,2
DA:4,2
DA:5,2
DA:7,2
DA:13,2
DA:14,2
DA:15,2
DA:17,2
DA:18,1
DA:19,1
DA:20,1
DA:21,1
DA:22,1
DA:23,1
DA:24,1
DA:26,1
DA:27,0
DA:28,0
DA:31,1
DA:35,0
DA:39,1
DA:40,0
DA:42,1
DA:43,0
DA:44,0
DA:45,0
DA:47,0
DA:52,1
DA:53,0
DA:54,0
DA:55,0
DA:57,0
DA:58,0
DA:61,0
DA:67,1
DA:68,0
DA:69,0
DA:70,0
DA:71,0
DA:73,0
DA:77,0
DA:85,0
DA:86,0
DA:88,0
DA:93,1
DA:100,1
DA:101,1
DA:103,1
DA:107,1
DA:111,0
DA:116,2
DA:117,0
DA:118,0
DA:122,0
DA:124,0
DA:127,2
DA:128,1
DA:129,1
DA:130,1
DA:148,1
DA:156,1
DA:157,0
DA:158,0
DA:159,0
DA:169,1
DA:172,1
DA:174,1
DA:177,1
DA:191,0
DA:197,2
DA:198,0
DA:199,0
DA:200,0
DA:201,0
DA:202,0
DA:206,0
DA:212,2
DA:213,0
DA:214,0
DA:215,0
DA:216,0
DA:217,0
DA:219,0
DA:220,0
DA:222,0
DA:223,0
DA:225,0
DA:226,0
DA:228,0
DA:229,0
DA:231,0
DA:232,0
DA:233,0
DA:235,0
DA:236,0
DA:238,0
DA:239,0
DA:241,0
DA:243,0
DA:244,0
DA:246,0
DA:247,0
DA:250,0
DA:252,0
DA:257,0
DA:262,0
DA:268,2
DA:269,0
DA:270,0
DA:271,0
DA:272,0
DA:274,0
DA:276,0
DA:278,0
DA:281,0
DA:282,0
DA:283,0
DA:287,0
DA:292,0
DA:298,2
LF:122
LH:43
BRDA:26,0,0,0
BRDA:26,0,1,1
BRDA:27,1,0,0
BRDA:27,1,1,0
BRDA:27,2,0,0
BRDA:27,2,1,0
BRDA:31,3,0,0
BRDA:31,3,1,1
BRDA:32,4,0,1
BRDA:32,4,1,0
BRDA:32,4,2,0
BRDA:39,5,0,0
BRDA:39,5,1,1
BRDA:42,6,0,0
BRDA:42,6,1,1
BRDA:43,7,0,0
BRDA:43,7,1,0
BRDA:52,8,0,0
BRDA:52,8,1,1
BRDA:53,9,0,0
BRDA:53,9,1,0
BRDA:54,10,0,0
BRDA:54,10,1,0
BRDA:67,11,0,0
BRDA:67,11,1,1
BRDA:68,12,0,0
BRDA:68,12,1,0
BRDA:70,13,0,0
BRDA:70,13,1,0
BRDA:156,14,0,0
BRDA:156,14,1,1
BRDA:215,15,0,0
BRDA:215,15,1,0
BRDA:216,16,0,0
BRDA:216,16,1,0
BRDA:219,17,0,0
BRDA:219,17,1,0
BRDA:222,18,0,0
BRDA:222,18,1,0
BRDA:225,19,0,0
BRDA:225,19,1,0
BRDA:228,20,0,0
BRDA:228,20,1,0
BRDA:231,21,0,0
BRDA:231,21,1,0
BRDA:235,22,0,0
BRDA:235,22,1,0
BRDA:238,23,0,0
BRDA:238,23,1,0
BRDA:241,24,0,0
BRDA:241,24,1,0
BRDA:271,25,0,0
BRDA:271,25,1,0
BRF:53
BRH:8
end_of_record
TN:
SF:routes/payment.js
FN:7,(anonymous_0)
FNF:1
FNH:0
FNDA:0,(anonymous_0)
DA:1,2
DA:2,2
DA:3,2
DA:4,2
DA:5,2
DA:7,2
DA:8,0
DA:9,0
DA:14,0
DA:18,0
DA:19,0
DA:23,2
LF:12
LH:7
BRF:0
BRH:0
end_of_record
TN:
SF:routes/user.js
FN:10,(anonymous_0)
FN:61,(anonymous_1)
FNF:2
FNH:2
FNDA:9,(anonymous_0)
FNDA:5,(anonymous_1)
DA:1,2
DA:2,2
DA:3,2
DA:4,2
DA:5,2
DA:7,2
DA:8,2
DA:10,2
DA:11,9
DA:12,9
DA:13,1
DA:16,8
DA:17,1
DA:20,7
DA:21,1
DA:25,6
DA:26,1
DA:30,5
DA:31,5
DA:32,5
DA:33,5
DA:35,5
DA:46,5
DA:47,5
DA:55,0
DA:61,2
DA:62,5
DA:63,5
DA:64,1
DA:68,4
DA:69,3
DA:70,3
DA:73,3
DA:74,2
DA:80,1
DA:85,1
DA:91,0
DA:97,2
LF:38
LH:36
BRDA:12,0,0,1
BRDA:12,0,1,8
BRDA:16,1,0,1
BRDA:16,1,1,7
BRDA:20,2,0,1
BRDA:20,2,1,6
BRDA:25,3,0,1
BRDA:25,3,1,5
BRDA:63,4,0,1
BRDA:63,4,1,4
BRDA:63,5,0,5
BRDA:63,5,1,4
BRDA:68,6,0,3
BRDA:68,6,1,1
BRDA:73,7,0,2
BRDA:73,7,1,1
BRF:16
BRH:16
end_of_record
